This file contains any messages produced by compilers while
running configure, to aid debugging if configure makes a mistake.

It was created by configure, which was
generated by GNU Autoconf 2.61.  Invocation command line was

  $ ./configure 

## --------- ##
## Platform. ##
## --------- ##

hostname = grammar
uname -m = x86_64
uname -r = 4.18.0-372.32.1.el8_6.x86_64
uname -s = Linux
uname -v = #1 SMP Thu Oct 27 15:18:36 UTC 2022

/usr/bin/uname -p = x86_64
/bin/uname -X     = unknown

/bin/arch              = x86_64
/usr/bin/arch -k       = unknown
/usr/convex/getsysinfo = unknown
/usr/bin/hostinfo      = unknown
/bin/machine           = unknown
/usr/bin/oslevel       = unknown
/bin/universe          = unknown

PATH: /opt/ohpc/pub/libs/hdf5/bin
PATH: /opt/ohpc/pub/compiler/gcc/12.2.0/bin
PATH: /opt/ohpc/pub/intel/oneapi/debugger/10.1.2/gdb/intel64/bin
PATH: /opt/ohpc/pub/intel/oneapi/mpi/2021.3.0/libfabric/bin
PATH: /opt/ohpc/pub/intel/oneapi/mpi/2021.3.0/bin
PATH: /opt/ohpc/pub/intel/oneapi/compiler/2021.3.0/linux/bin/intel64
PATH: /opt/ohpc/pub/intel/oneapi/compiler/2021.3.0/linux/bin
PATH: /home/kjhan/local/bin
PATH: /home/kjhan/bin
PATH: /usr/lib64/ccache
PATH: /usr/local/bin
PATH: /usr/bin
PATH: /usr/local/sbin
PATH: /usr/sbin


## ----------- ##
## Core tests. ##
## ----------- ##

configure:1744: checking for a BSD-compatible install
configure:1800: result: /usr/bin/install -c
configure:1811: checking whether build environment is sane
configure:1854: result: yes
configure:1919: checking for gawk
configure:1935: found /usr/bin/gawk
configure:1946: result: gawk
configure:1957: checking whether make sets $(MAKE)
configure:1978: result: yes
configure:2281: checking for Fortran compiler version
configure:2288: ifort --version >&5
ifort (IFORT) 2021.3.0 20210609
Copyright (C) 1985-2021 Intel Corporation.  All rights reserved.

configure:2291: $? = 0
configure:2298: ifort -v >&5
ifort version 2021.3.0
configure:2301: $? = 0
configure:2308: ifort -V >&5
Intel(R) Fortran Intel(R) 64 Compiler Classic for applications running on Intel(R) 64, Version 2021.3.0 Build 20210609_000000
Copyright (C) 1985-2021 Intel Corporation.  All rights reserved.

configure:2311: $? = 0
configure:2325: checking for Fortran compiler default output file name
configure:2352: ifort    conftest.f  >&5
configure:2355: $? = 0
configure:2393: result: a.out
configure:2410: checking whether the Fortran compiler works
configure:2420: ./a.out
configure:2423: $? = 0
configure:2440: result: yes
configure:2447: checking whether we are cross compiling
configure:2449: result: no
configure:2452: checking for suffix of executables
configure:2459: ifort -o conftest    conftest.f  >&5
configure:2462: $? = 0
configure:2486: result: 
configure:2492: checking for suffix of object files
configure:2508: ifort -c   conftest.f >&5
configure:2511: $? = 0
configure:2534: result: o
configure:2542: checking whether we are using the GNU Fortran compiler
configure:2561: ifort -c   conftest.F >&5
conftest.F(3): error #5082: Syntax error, found END-OF-STATEMENT when expecting one of: ( : % [ . = =>
       choke me
---------------^
conftest.F(3): error #6218: This statement is positioned incorrectly and/or has syntax errors.
       choke me
-------^
compilation aborted for conftest.F (code 1)
configure:2567: $? = 1
configure: failed program was:
|       program main
| #ifndef __GNUC__
|        choke me
| #endif
| 
|       end
configure:2584: result: no
configure:2590: checking whether ifort accepts -g
configure:2607: ifort -c -g  conftest.f >&5
configure:2613: $? = 0
configure:2629: result: yes
configure:2657: checking for mpiifort
configure:2673: found /opt/ohpc/pub/intel/oneapi/mpi/2021.3.0/bin/mpiifort
configure:2684: result: mpiifort
configure:2748: checking for gcc
configure:2775: result: icc
configure:3013: checking for C compiler version
configure:3020: icc --version >&5
icc (ICC) 2021.3.0 20210609
Copyright (C) 1985-2021 Intel Corporation.  All rights reserved.

configure:3023: $? = 0
configure:3030: icc -v >&5
icc version 2021.3.0 (gcc version 12.2.0 compatibility)
configure:3033: $? = 0
configure:3040: icc -V >&5
Intel(R) C Intel(R) 64 Compiler Classic for applications running on Intel(R) 64, Version 2021.3.0 Build 20210609_000000
Copyright (C) 1985-2021 Intel Corporation.  All rights reserved.

configure:3043: $? = 0
configure:3046: checking whether we are using the GNU C compiler
configure:3075: icc -c   conftest.c >&5
configure:3081: $? = 0
configure:3098: result: yes
configure:3103: checking whether icc accepts -g
configure:3133: icc -c -g  conftest.c >&5
configure:3139: $? = 0
configure:3238: result: yes
configure:3255: checking for icc option to accept ISO C89
configure:3329: icc  -c -g -O2  conftest.c >&5
configure:3335: $? = 0
configure:3358: result: none needed
configure:3386: checking for style of include used by make
configure:3414: result: GNU
configure:3442: checking dependency style of icc
configure:3532: result: gcc3
configure:3554: checking how to get verbose linking output from mpiifort
configure:3570: mpiifort -c -g  conftest.f >&5
configure:3576: $? = 0
configure:3598: mpiifort -o conftest -g -v conftest.f
mpiifort for the Intel(R) MPI Library 2021.3 for Linux*
Copyright Intel Corporation.
ifort version 2021.3.0
/opt/ohpc/pub/intel/oneapi/compiler/2021.3.0/linux/bin/intel64/../../bin/intel64/fortcom    -D__INTEL_COMPILER=2021 -D__INTEL_COMPILER_UPDATE=3 -D__unix__ -D__unix -D__linux__ -D__linux -D__gnu_linux__ -Dunix -Dlinux -D__ELF__ -D__x86_64 -D__x86_64__ -D__amd64 -D__amd64__ -D__INTEL_COMPILER_BUILD_DATE=20210609 -D__INTEL_OFFLOAD -D__MMX__ -D__SSE__ -D__SSE_MATH__ -D__SSE2__ -D__SSE2_MATH__ -D__pentium4 -D__pentium4__ -D__tune_pentium4__ -I. -I/opt/ohpc/pub/intel/oneapi/mpi/2021.3.0//include -I/opt/ohpc/pub/intel/oneapi/mpi/2021.3.0/include -I/opt/ohpc/pub/intel/oneapi/mpi/2021.3.0/include -I/opt/ohpc/pub/intel/oneapi/compiler/2021.3.0/linux/include -I/opt/ohpc/pub/intel/oneapi/tbb/2021.3.0/include -I/opt/ohpc/pub/intel/oneapi/compiler/2021.3.0/linux/bin/intel64/../../compiler/include/intel64 -I/opt/ohpc/pub/intel/oneapi/compiler/2021.3.0/linux/bin/intel64/../../compiler/include/icc -I/opt/ohpc/pub/intel/oneapi/compiler/2021.3.0/linux/bin/intel64/../../compiler/include -I/usr/local/include -I/opt/ohpc/pub/compiler/gcc/12.2.0/lib/gcc/x86_64-pc-linux-gnu/12.2.0/include -I/opt/ohpc/pub/compiler/gcc/12.2.0/lib/gcc/x86_64-pc-linux-gnu/12.2.0/include-fixed -I/opt/ohpc/pub/compiler/gcc/12.2.0/include/ -I/usr/include "-fp_modbits honor_f32_conversion" "-fp_modbits honor_f64_conversion" -O0 -g2 "-reentrancy threaded" -simd -offload_host -mGLOB_em64t=TRUE -mP1OPT_version=2021.3.0-intel64 -mGLOB_diag_file=/tmp/ifortozPLhP.diag -mGLOB_long_size_64 -mGLOB_routine_pointer_size_64 -mGLOB_source_language=GLOB_SOURCE_LANGUAGE_F90 -mP2OPT_static_promotion -mGLOB_pack_sort_init_list -mP1OPT_print_version=FALSE -mCG_use_gas_got_workaround=F -mP2OPT_align_option_used=TRUE -mGLOB_gcc_version=1220 "-mGLOB_options_string=-I/opt/ohpc/pub/intel/oneapi/mpi/2021.3.0//include -I/opt/ohpc/pub/intel/oneapi/mpi/2021.3.0/include -o conftest -g -v -L/opt/ohpc/pub/intel/oneapi/mpi/2021.3.0/lib/release -L/opt/ohpc/pub/intel/oneapi/mpi/2021.3.0/lib -Xlinker --enable-new-dtags -Xlinker -rpath -Xlinker /opt/ohpc/pub/intel/oneapi/mpi/2021.3.0/lib/release -Xlinker -rpath -Xlinker /opt/ohpc/pub/intel/oneapi/mpi/2021.3.0/lib -lmpifort -lmpi -ldl -lrt -lpthread" -mGLOB_cxx_limited_range=FALSE -mCG_extend_parms=FALSE -mGLOB_compiler_bin_directory=/opt/ohpc/pub/intel/oneapi/compiler/2021.3.0/linux/bin/intel64/../../bin/intel64 -mP3OPT_emit_line_numbers -mP2OPT_suppress_unreferenced_locals=FALSE -mGLOB_debug_target=GLOB_DEBUG_TARGET_ALL -mDEBUG_info_level=2 -mDEBUG_use_indirect_strings=TRUE -mIPOPT_ninl_debug_info=TRUE -mDEBUG_emit_dwarf_inline_info=TRUE -mDEBUG_debug_ranges=TRUE -mGLOB_debug_format=GLOB_DEBUG_FORMAT_DWARF40 -mGLOB_as_output_backup_file_name=/tmp/ifort2hGQewas_.s -mGLOB_dashboard_use_source_name -mGLOB_uarch_tuning=0x0 -mGLOB_product_id_code=0x22006d91 -mGLOB_maintain_errno -mGLOB_noinline_intrinsics -mGLOB_use_base_pointer=1 -mCG_bnl_movbe=T -mP3OPT_use_mspp_call_convention -mP2OPT_subs_out_of_bound=FALSE -mP2OPT_disam_type_based_disam=2 -mGLOB_ansi_alias -mIPOPT_ninl_limit=0 -mIPOPT_ninl_user_level=0 -mPGOPTI_value_profile_use=T -mGLOB_opt_report_use_source_name -mP2OPT_hpo_omp_simd_only=FALSE -mP2OPT_gen_linux_const_pooling=FALSE -mGLOB_offload_mode=1 -mGLOB_offload_no_openmp=TRUE -mP2OPT_offload_unique_var_string=ifort0081508899SM798I -mGLOB_opt_level=0 -mIPOPT_args_in_regs=0 -mP2OPT_disam_assume_nonstd_intent_in=FALSE -mGLOB_imf_mapping_library=/opt/ohpc/pub/intel/oneapi/compiler/2021.3.0/linux/bin/intel64/../../bin/intel64/libiml_attr.so -mIPOPT_single_file_compile_and_link=TRUE -mP2OPT_hlo_embed_loopinfo -mPGOPTI_gen_threadsafe_level=0 -mIPOPT_lto_object_enabled -mIPOPT_lto_object_value=1 -mIPOPT_obj_output_file_name=/tmp/ifortozPLhP.o -mIPOPT_whole_archive_fixup_file_name=/tmp/ifortwarchg2niKE -mGLOB_linker_version=2.30 -mGLOB_linker=ld -mGLOB_driver_tempfile_name=/tmp/iforttempfileeVwOF0 -mP3OPT_asm_target=P3OPT_ASM_TARGET_GAS -mGLOB_async_unwind_tables=TRUE -mGLOB_obj_output_file=/tmp/ifortozPLhP.o -mGLOB_source_dialect=GLOB_SOURCE_DIALECT_FORTRAN -mP1OPT_source_file_name=conftest.f -mP1OPT_full_source_file_name=/home/kjhan/BACKUP/laggrafic/conftest.f -mP2OPT_symtab_type_copy=true conftest.f
#include "..." search starts here:
#include <...> search starts here:
 .
 /opt/ohpc/pub/intel/oneapi/mpi/2021.3.0//include
 /opt/ohpc/pub/intel/oneapi/mpi/2021.3.0/include
 /opt/ohpc/pub/intel/oneapi/mpi/2021.3.0/include
 /opt/ohpc/pub/intel/oneapi/compiler/2021.3.0/linux/include
 /opt/ohpc/pub/intel/oneapi/tbb/2021.3.0/include
 /opt/ohpc/pub/intel/oneapi/compiler/2021.3.0/linux/bin/intel64/../../compiler/include/intel64
 /opt/ohpc/pub/intel/oneapi/compiler/2021.3.0/linux/bin/intel64/../../compiler/include/icc
 /opt/ohpc/pub/intel/oneapi/compiler/2021.3.0/linux/bin/intel64/../../compiler/include
 /usr/local/include
 /opt/ohpc/pub/compiler/gcc/12.2.0/lib/gcc/x86_64-pc-linux-gnu/12.2.0/include
 /opt/ohpc/pub/compiler/gcc/12.2.0/lib/gcc/x86_64-pc-linux-gnu/12.2.0/include-fixed
 /opt/ohpc/pub/compiler/gcc/12.2.0/include/
 /usr/include
End of search list.
ld    /lib/../lib64/crt1.o /lib/../lib64/crti.o /opt/ohpc/pub/compiler/gcc/12.2.0/lib/gcc/x86_64-pc-linux-gnu/12.2.0/crtbegin.o --eh-frame-hdr --build-id -dynamic-linker /lib64/ld-linux-x86-64.so.2 -m elf_x86_64 -L/opt/ohpc/pub/intel/oneapi/mpi/2021.3.0/lib/release -L/opt/ohpc/pub/intel/oneapi/mpi/2021.3.0/lib -plugin /opt/ohpc/pub/intel/oneapi/compiler/2021.3.0/linux/bin/intel64/../../bin/intel64/../../lib/icx-lto.so -o conftest /opt/ohpc/pub/intel/oneapi/compiler/2021.3.0/linux/bin/intel64/../../compiler/lib/intel64_lin/for_main.o -L/opt/ohpc/pub/intel/oneapi/mpi/2021.3.0/libfabric/lib -L/opt/ohpc/pub/intel/oneapi/mpi/2021.3.0/lib/release -L/opt/ohpc/pub/intel/oneapi/mpi/2021.3.0/lib -L/opt/ohpc/pub/intel/oneapi/compiler/2021.3.0/linux/lib -L/opt/ohpc/pub/intel/oneapi/tbb/2021.3.0/lib/intel64/gcc4.8 -L/opt/ohpc/pub/intel/oneapi/compiler/2021.3.0/linux/bin/intel64/../../compiler/lib/intel64_lin -L/opt/ohpc/pub/compiler/gcc/12.2.0/lib/gcc/x86_64-pc-linux-gnu/12.2.0/ -L/opt/ohpc/pub/compiler/gcc/12.2.0/lib/gcc/x86_64-pc-linux-gnu/12.2.0/../../../../lib64 -L/opt/ohpc/pub/compiler/gcc/12.2.0/lib/gcc/x86_64-pc-linux-gnu/12.2.0/../../../../lib64/ -L/lib/../lib64 -L/lib/../lib64/ -L/usr/lib/../lib64 -L/usr/lib/../lib64/ -L/opt/ohpc/pub/intel/oneapi/mpi/2021.3.0/libfabric/lib/ -L/opt/ohpc/pub/intel/oneapi/mpi/2021.3.0/lib/release/ -L/opt/ohpc/pub/intel/oneapi/mpi/2021.3.0/lib/ -L/opt/ohpc/pub/intel/oneapi/compiler/2021.3.0/linux/lib/ -L/opt/ohpc/pub/intel/oneapi/tbb/2021.3.0/lib/intel64/gcc4.8/ -L/opt/ohpc/pub/compiler/gcc/12.2.0/lib/gcc/x86_64-pc-linux-gnu/12.2.0/../../../ -L/lib64 -L/lib/ -L/usr/lib64 -L/usr/lib /tmp/ifortozPLhP.o --enable-new-dtags -rpath /opt/ohpc/pub/intel/oneapi/mpi/2021.3.0/lib/release -rpath /opt/ohpc/pub/intel/oneapi/mpi/2021.3.0/lib -lmpifort -lmpi -ldl -lrt -lpthread -Bdynamic -Bstatic -lifport -lifcoremt -limf -lsvml -Bdynamic -lm -Bstatic -lipgo -lirc -Bdynamic -lpthread -Bstatic -lsvml -Bdynamic -lc -lgcc -lgcc_s -Bstatic -lirc_s -Bdynamic -ldl -lc /opt/ohpc/pub/compiler/gcc/12.2.0/lib/gcc/x86_64-pc-linux-gnu/12.2.0/crtend.o /lib/../lib64/crtn.o
configure:3664: result: -v
configure:3666: checking for Fortran libraries of mpiifort
configure:3689: mpiifort -o conftest -g -v conftest.f
mpiifort for the Intel(R) MPI Library 2021.3 for Linux*
Copyright Intel Corporation.
ifort version 2021.3.0
/opt/ohpc/pub/intel/oneapi/compiler/2021.3.0/linux/bin/intel64/../../bin/intel64/fortcom    -D__INTEL_COMPILER=2021 -D__INTEL_COMPILER_UPDATE=3 -D__unix__ -D__unix -D__linux__ -D__linux -D__gnu_linux__ -Dunix -Dlinux -D__ELF__ -D__x86_64 -D__x86_64__ -D__amd64 -D__amd64__ -D__INTEL_COMPILER_BUILD_DATE=20210609 -D__INTEL_OFFLOAD -D__MMX__ -D__SSE__ -D__SSE_MATH__ -D__SSE2__ -D__SSE2_MATH__ -D__pentium4 -D__pentium4__ -D__tune_pentium4__ -I. -I/opt/ohpc/pub/intel/oneapi/mpi/2021.3.0//include -I/opt/ohpc/pub/intel/oneapi/mpi/2021.3.0/include -I/opt/ohpc/pub/intel/oneapi/mpi/2021.3.0/include -I/opt/ohpc/pub/intel/oneapi/compiler/2021.3.0/linux/include -I/opt/ohpc/pub/intel/oneapi/tbb/2021.3.0/include -I/opt/ohpc/pub/intel/oneapi/compiler/2021.3.0/linux/bin/intel64/../../compiler/include/intel64 -I/opt/ohpc/pub/intel/oneapi/compiler/2021.3.0/linux/bin/intel64/../../compiler/include/icc -I/opt/ohpc/pub/intel/oneapi/compiler/2021.3.0/linux/bin/intel64/../../compiler/include -I/usr/local/include -I/opt/ohpc/pub/compiler/gcc/12.2.0/lib/gcc/x86_64-pc-linux-gnu/12.2.0/include -I/opt/ohpc/pub/compiler/gcc/12.2.0/lib/gcc/x86_64-pc-linux-gnu/12.2.0/include-fixed -I/opt/ohpc/pub/compiler/gcc/12.2.0/include/ -I/usr/include "-fp_modbits honor_f32_conversion" "-fp_modbits honor_f64_conversion" -O0 -g2 "-reentrancy threaded" -simd -offload_host -mGLOB_em64t=TRUE -mP1OPT_version=2021.3.0-intel64 -mGLOB_diag_file=/tmp/ifortfaVnSS.diag -mGLOB_long_size_64 -mGLOB_routine_pointer_size_64 -mGLOB_source_language=GLOB_SOURCE_LANGUAGE_F90 -mP2OPT_static_promotion -mGLOB_pack_sort_init_list -mP1OPT_print_version=FALSE -mCG_use_gas_got_workaround=F -mP2OPT_align_option_used=TRUE -mGLOB_gcc_version=1220 "-mGLOB_options_string=-I/opt/ohpc/pub/intel/oneapi/mpi/2021.3.0//include -I/opt/ohpc/pub/intel/oneapi/mpi/2021.3.0/include -o conftest -g -v -L/opt/ohpc/pub/intel/oneapi/mpi/2021.3.0/lib/release -L/opt/ohpc/pub/intel/oneapi/mpi/2021.3.0/lib -Xlinker --enable-new-dtags -Xlinker -rpath -Xlinker /opt/ohpc/pub/intel/oneapi/mpi/2021.3.0/lib/release -Xlinker -rpath -Xlinker /opt/ohpc/pub/intel/oneapi/mpi/2021.3.0/lib -lmpifort -lmpi -ldl -lrt -lpthread" -mGLOB_cxx_limited_range=FALSE -mCG_extend_parms=FALSE -mGLOB_compiler_bin_directory=/opt/ohpc/pub/intel/oneapi/compiler/2021.3.0/linux/bin/intel64/../../bin/intel64 -mP3OPT_emit_line_numbers -mP2OPT_suppress_unreferenced_locals=FALSE -mGLOB_debug_target=GLOB_DEBUG_TARGET_ALL -mDEBUG_info_level=2 -mDEBUG_use_indirect_strings=TRUE -mIPOPT_ninl_debug_info=TRUE -mDEBUG_emit_dwarf_inline_info=TRUE -mDEBUG_debug_ranges=TRUE -mGLOB_debug_format=GLOB_DEBUG_FORMAT_DWARF40 -mGLOB_as_output_backup_file_name=/tmp/ifortEerIgJas_.s -mGLOB_dashboard_use_source_name -mGLOB_uarch_tuning=0x0 -mGLOB_product_id_code=0x22006d91 -mGLOB_maintain_errno -mGLOB_noinline_intrinsics -mGLOB_use_base_pointer=1 -mCG_bnl_movbe=T -mP3OPT_use_mspp_call_convention -mP2OPT_subs_out_of_bound=FALSE -mP2OPT_disam_type_based_disam=2 -mGLOB_ansi_alias -mIPOPT_ninl_limit=0 -mIPOPT_ninl_user_level=0 -mPGOPTI_value_profile_use=T -mGLOB_opt_report_use_source_name -mP2OPT_hpo_omp_simd_only=FALSE -mP2OPT_gen_linux_const_pooling=FALSE -mGLOB_offload_mode=1 -mGLOB_offload_no_openmp=TRUE -mP2OPT_offload_unique_var_string=ifort1743059904j7uoOm -mGLOB_opt_level=0 -mIPOPT_args_in_regs=0 -mP2OPT_disam_assume_nonstd_intent_in=FALSE -mGLOB_imf_mapping_library=/opt/ohpc/pub/intel/oneapi/compiler/2021.3.0/linux/bin/intel64/../../bin/intel64/libiml_attr.so -mIPOPT_single_file_compile_and_link=TRUE -mP2OPT_hlo_embed_loopinfo -mPGOPTI_gen_threadsafe_level=0 -mIPOPT_lto_object_enabled -mIPOPT_lto_object_value=1 -mIPOPT_obj_output_file_name=/tmp/ifortfaVnSS.o -mIPOPT_whole_archive_fixup_file_name=/tmp/ifortwarch97obYK -mGLOB_linker_version=2.30 -mGLOB_linker=ld -mGLOB_driver_tempfile_name=/tmp/iforttempfileG6Bdeu -mP3OPT_asm_target=P3OPT_ASM_TARGET_GAS -mGLOB_async_unwind_tables=TRUE -mGLOB_obj_output_file=/tmp/ifortfaVnSS.o -mGLOB_source_dialect=GLOB_SOURCE_DIALECT_FORTRAN -mP1OPT_source_file_name=conftest.f -mP1OPT_full_source_file_name=/home/kjhan/BACKUP/laggrafic/conftest.f -mP2OPT_symtab_type_copy=true conftest.f
#include "..." search starts here:
#include <...> search starts here:
 .
 /opt/ohpc/pub/intel/oneapi/mpi/2021.3.0//include
 /opt/ohpc/pub/intel/oneapi/mpi/2021.3.0/include
 /opt/ohpc/pub/intel/oneapi/mpi/2021.3.0/include
 /opt/ohpc/pub/intel/oneapi/compiler/2021.3.0/linux/include
 /opt/ohpc/pub/intel/oneapi/tbb/2021.3.0/include
 /opt/ohpc/pub/intel/oneapi/compiler/2021.3.0/linux/bin/intel64/../../compiler/include/intel64
 /opt/ohpc/pub/intel/oneapi/compiler/2021.3.0/linux/bin/intel64/../../compiler/include/icc
 /opt/ohpc/pub/intel/oneapi/compiler/2021.3.0/linux/bin/intel64/../../compiler/include
 /usr/local/include
 /opt/ohpc/pub/compiler/gcc/12.2.0/lib/gcc/x86_64-pc-linux-gnu/12.2.0/include
 /opt/ohpc/pub/compiler/gcc/12.2.0/lib/gcc/x86_64-pc-linux-gnu/12.2.0/include-fixed
 /opt/ohpc/pub/compiler/gcc/12.2.0/include/
 /usr/include
End of search list.
ld    /lib/../lib64/crt1.o /lib/../lib64/crti.o /opt/ohpc/pub/compiler/gcc/12.2.0/lib/gcc/x86_64-pc-linux-gnu/12.2.0/crtbegin.o --eh-frame-hdr --build-id -dynamic-linker /lib64/ld-linux-x86-64.so.2 -m elf_x86_64 -L/opt/ohpc/pub/intel/oneapi/mpi/2021.3.0/lib/release -L/opt/ohpc/pub/intel/oneapi/mpi/2021.3.0/lib -plugin /opt/ohpc/pub/intel/oneapi/compiler/2021.3.0/linux/bin/intel64/../../bin/intel64/../../lib/icx-lto.so -o conftest /opt/ohpc/pub/intel/oneapi/compiler/2021.3.0/linux/bin/intel64/../../compiler/lib/intel64_lin/for_main.o -L/opt/ohpc/pub/intel/oneapi/mpi/2021.3.0/libfabric/lib -L/opt/ohpc/pub/intel/oneapi/mpi/2021.3.0/lib/release -L/opt/ohpc/pub/intel/oneapi/mpi/2021.3.0/lib -L/opt/ohpc/pub/intel/oneapi/compiler/2021.3.0/linux/lib -L/opt/ohpc/pub/intel/oneapi/tbb/2021.3.0/lib/intel64/gcc4.8 -L/opt/ohpc/pub/intel/oneapi/compiler/2021.3.0/linux/bin/intel64/../../compiler/lib/intel64_lin -L/opt/ohpc/pub/compiler/gcc/12.2.0/lib/gcc/x86_64-pc-linux-gnu/12.2.0/ -L/opt/ohpc/pub/compiler/gcc/12.2.0/lib/gcc/x86_64-pc-linux-gnu/12.2.0/../../../../lib64 -L/opt/ohpc/pub/compiler/gcc/12.2.0/lib/gcc/x86_64-pc-linux-gnu/12.2.0/../../../../lib64/ -L/lib/../lib64 -L/lib/../lib64/ -L/usr/lib/../lib64 -L/usr/lib/../lib64/ -L/opt/ohpc/pub/intel/oneapi/mpi/2021.3.0/libfabric/lib/ -L/opt/ohpc/pub/intel/oneapi/mpi/2021.3.0/lib/release/ -L/opt/ohpc/pub/intel/oneapi/mpi/2021.3.0/lib/ -L/opt/ohpc/pub/intel/oneapi/compiler/2021.3.0/linux/lib/ -L/opt/ohpc/pub/intel/oneapi/tbb/2021.3.0/lib/intel64/gcc4.8/ -L/opt/ohpc/pub/compiler/gcc/12.2.0/lib/gcc/x86_64-pc-linux-gnu/12.2.0/../../../ -L/lib64 -L/lib/ -L/usr/lib64 -L/usr/lib /tmp/ifortfaVnSS.o --enable-new-dtags -rpath /opt/ohpc/pub/intel/oneapi/mpi/2021.3.0/lib/release -rpath /opt/ohpc/pub/intel/oneapi/mpi/2021.3.0/lib -lmpifort -lmpi -ldl -lrt -lpthread -Bdynamic -Bstatic -lifport -lifcoremt -limf -lsvml -Bdynamic -lm -Bstatic -lipgo -lirc -Bdynamic -lpthread -Bstatic -lsvml -Bdynamic -lc -lgcc -lgcc_s -Bstatic -lirc_s -Bdynamic -ldl -lc /opt/ohpc/pub/compiler/gcc/12.2.0/lib/gcc/x86_64-pc-linux-gnu/12.2.0/crtend.o /lib/../lib64/crtn.o
configure:3863: result:  -L/opt/ohpc/pub/intel/oneapi/mpi/2021.3.0/lib/release -L/opt/ohpc/pub/intel/oneapi/mpi/2021.3.0/lib -L/opt/ohpc/pub/intel/oneapi/mpi/2021.3.0/libfabric/lib -L/opt/ohpc/pub/intel/oneapi/compiler/2021.3.0/linux/lib -L/opt/ohpc/pub/intel/oneapi/tbb/2021.3.0/lib/intel64/gcc4.8 -L/opt/ohpc/pub/intel/oneapi/compiler/2021.3.0/linux/bin/intel64/../../compiler/lib/intel64_lin -L/opt/ohpc/pub/compiler/gcc/12.2.0/lib/gcc/x86_64-pc-linux-gnu/12.2.0/ -L/opt/ohpc/pub/compiler/gcc/12.2.0/lib/gcc/x86_64-pc-linux-gnu/12.2.0/../../../../lib64 -L/opt/ohpc/pub/compiler/gcc/12.2.0/lib/gcc/x86_64-pc-linux-gnu/12.2.0/../../../../lib64/ -L/lib/../lib64 -L/lib/../lib64/ -L/usr/lib/../lib64 -L/usr/lib/../lib64/ -L/opt/ohpc/pub/intel/oneapi/mpi/2021.3.0/libfabric/lib/ -L/opt/ohpc/pub/intel/oneapi/mpi/2021.3.0/lib/release/ -L/opt/ohpc/pub/intel/oneapi/mpi/2021.3.0/lib/ -L/opt/ohpc/pub/intel/oneapi/compiler/2021.3.0/linux/lib/ -L/opt/ohpc/pub/intel/oneapi/tbb/2021.3.0/lib/intel64/gcc4.8/ -L/opt/ohpc/pub/compiler/gcc/12.2.0/lib/gcc/x86_64-pc-linux-gnu/12.2.0/../../../ -L/lib64 -L/lib/ -L/usr/lib64 -L/usr/lib -lmpifort -lmpi -ldl -lrt -lpthread -lifport -lifcoremt -limf -lsvml -lm -lipgo -lirc -lirc_s
configure:4210: checking for fftw3d_f77_create_plan in -ldfftw
configure:4228: mpiifort -o conftest   conftest.f -ldfftw   >&5
ld: cannot find -ldfftw
configure:4234: $? = 1
configure: failed program was:
|       program main
|       call fftw3d_f77_create_plan
|       end
configure:4252: result: no
configure:4391: creating ./config.status

## ---------------------- ##
## Running config.status. ##
## ---------------------- ##

This file was extended by config.status, which was
generated by GNU Autoconf 2.61.  Invocation command line was

  CONFIG_FILES    = 
  CONFIG_HEADERS  = 
  CONFIG_LINKS    = 
  CONFIG_COMMANDS = 
  $ ./config.status 

on grammar

config.status:641: creating Makefile
config.status:641: creating src/Makefile
config.status:641: creating config.h
config.status:897: executing depfiles commands

## ---------------- ##
## Cache variables. ##
## ---------------- ##

ac_cv_c_compiler_gnu=yes
ac_cv_env_CC_set=set
ac_cv_env_CC_value=icc
ac_cv_env_CFLAGS_set=
ac_cv_env_CFLAGS_value=
ac_cv_env_CPPFLAGS_set=
ac_cv_env_CPPFLAGS_value=
ac_cv_env_F77_set=set
ac_cv_env_F77_value=ifort
ac_cv_env_FCFLAGS_set=
ac_cv_env_FCFLAGS_value=
ac_cv_env_FC_set=set
ac_cv_env_FC_value=ifort
ac_cv_env_FFLAGS_set=
ac_cv_env_FFLAGS_value=
ac_cv_env_FFTWPREC_set=
ac_cv_env_FFTWPREC_value=
ac_cv_env_LDFLAGS_set=
ac_cv_env_LDFLAGS_value=
ac_cv_env_LIBS_set=
ac_cv_env_LIBS_value=
ac_cv_env_MPIFC_set=
ac_cv_env_MPIFC_value=
ac_cv_env_PRECISION_set=
ac_cv_env_PRECISION_value=
ac_cv_env_build_alias_set=
ac_cv_env_build_alias_value=
ac_cv_env_host_alias_set=
ac_cv_env_host_alias_value=
ac_cv_env_target_alias_set=
ac_cv_env_target_alias_value=
ac_cv_fc_compiler_gnu=no
ac_cv_fc_libs=' -L/opt/ohpc/pub/intel/oneapi/mpi/2021.3.0/lib/release -L/opt/ohpc/pub/intel/oneapi/mpi/2021.3.0/lib -L/opt/ohpc/pub/intel/oneapi/mpi/2021.3.0/libfabric/lib -L/opt/ohpc/pub/intel/oneapi/compiler/2021.3.0/linux/lib -L/opt/ohpc/pub/intel/oneapi/tbb/2021.3.0/lib/intel64/gcc4.8 -L/opt/ohpc/pub/intel/oneapi/compiler/2021.3.0/linux/bin/intel64/../../compiler/lib/intel64_lin -L/opt/ohpc/pub/compiler/gcc/12.2.0/lib/gcc/x86_64-pc-linux-gnu/12.2.0/ -L/opt/ohpc/pub/compiler/gcc/12.2.0/lib/gcc/x86_64-pc-linux-gnu/12.2.0/../../../../lib64 -L/opt/ohpc/pub/compiler/gcc/12.2.0/lib/gcc/x86_64-pc-linux-gnu/12.2.0/../../../../lib64/ -L/lib/../lib64 -L/lib/../lib64/ -L/usr/lib/../lib64 -L/usr/lib/../lib64/ -L/opt/ohpc/pub/intel/oneapi/mpi/2021.3.0/libfabric/lib/ -L/opt/ohpc/pub/intel/oneapi/mpi/2021.3.0/lib/release/ -L/opt/ohpc/pub/intel/oneapi/mpi/2021.3.0/lib/ -L/opt/ohpc/pub/intel/oneapi/compiler/2021.3.0/linux/lib/ -L/opt/ohpc/pub/intel/oneapi/tbb/2021.3.0/lib/intel64/gcc4.8/ -L/opt/ohpc/pub/compiler/gcc/12.2.0/lib/gcc/x86_64-pc-linux-gnu/12.2.0/../../../ -L/lib64 -L/lib/ -L/usr/lib64 -L/usr/lib -lmpifort -lmpi -ldl -lrt -lpthread -lifport -lifcoremt -limf -lsvml -lm -lipgo -lirc -lirc_s'
ac_cv_lib_dfftw_fftw3d_f77_create_plan=no
ac_cv_objext=o
ac_cv_path_install='/usr/bin/install -c'
ac_cv_prog_AWK=gawk
ac_cv_prog_MPIFC=mpiifort
ac_cv_prog_ac_ct_CC=icc
ac_cv_prog_cc_c89=
ac_cv_prog_cc_g=yes
ac_cv_prog_fc_g=yes
ac_cv_prog_fc_v=-v
ac_cv_prog_make_make_set=yes
am_cv_CC_dependencies_compiler_type=gcc3

## ----------------- ##
## Output variables. ##
## ----------------- ##

ACLOCAL='${SHELL} /home/kjhan/BACKUP/laggrafic/missing --run aclocal-1.9'
AMDEPBACKSLASH='\'
AMDEP_FALSE='#'
AMDEP_TRUE=''
AMTAR='${SHELL} /home/kjhan/BACKUP/laggrafic/missing --run tar'
AUTOCONF='${SHELL} /home/kjhan/BACKUP/laggrafic/missing --run autoconf'
AUTOHEADER='${SHELL} /home/kjhan/BACKUP/laggrafic/missing --run autoheader'
AUTOMAKE='${SHELL} /home/kjhan/BACKUP/laggrafic/missing --run automake-1.9'
AWK='gawk'
CC='icc'
CCDEPMODE='depmode=gcc3'
CFLAGS='-g -O2'
CPPFLAGS=''
CYGPATH_W='echo'
DEFS='-DHAVE_CONFIG_H'
DEPDIR='.deps'
ECHO_C=''
ECHO_N='-n'
ECHO_T=''
EXEEXT=''
F77='mpiifort'
FC='mpiifort'
FCFLAGS='-g'
FCLIBS=' -L/opt/ohpc/pub/intel/oneapi/mpi/2021.3.0/lib/release -L/opt/ohpc/pub/intel/oneapi/mpi/2021.3.0/lib -L/opt/ohpc/pub/intel/oneapi/mpi/2021.3.0/libfabric/lib -L/opt/ohpc/pub/intel/oneapi/compiler/2021.3.0/linux/lib -L/opt/ohpc/pub/intel/oneapi/tbb/2021.3.0/lib/intel64/gcc4.8 -L/opt/ohpc/pub/intel/oneapi/compiler/2021.3.0/linux/bin/intel64/../../compiler/lib/intel64_lin -L/opt/ohpc/pub/compiler/gcc/12.2.0/lib/gcc/x86_64-pc-linux-gnu/12.2.0/ -L/opt/ohpc/pub/compiler/gcc/12.2.0/lib/gcc/x86_64-pc-linux-gnu/12.2.0/../../../../lib64 -L/opt/ohpc/pub/compiler/gcc/12.2.0/lib/gcc/x86_64-pc-linux-gnu/12.2.0/../../../../lib64/ -L/lib/../lib64 -L/lib/../lib64/ -L/usr/lib/../lib64 -L/usr/lib/../lib64/ -L/opt/ohpc/pub/intel/oneapi/mpi/2021.3.0/libfabric/lib/ -L/opt/ohpc/pub/intel/oneapi/mpi/2021.3.0/lib/release/ -L/opt/ohpc/pub/intel/oneapi/mpi/2021.3.0/lib/ -L/opt/ohpc/pub/intel/oneapi/compiler/2021.3.0/linux/lib/ -L/opt/ohpc/pub/intel/oneapi/tbb/2021.3.0/lib/intel64/gcc4.8/ -L/opt/ohpc/pub/compiler/gcc/12.2.0/lib/gcc/x86_64-pc-linux-gnu/12.2.0/../../../ -L/lib64 -L/lib/ -L/usr/lib64 -L/usr/lib -lmpifort -lmpi -ldl -lrt -lpthread -lifport -lifcoremt -limf -lsvml -lm -lipgo -lirc -lirc_s'
FFLAGS=''
FFTWPREC='d'
INSTALL_DATA='${INSTALL} -m 644'
INSTALL_PROGRAM='${INSTALL}'
INSTALL_SCRIPT='${INSTALL}'
INSTALL_STRIP_PROGRAM='${SHELL} $(install_sh) -c -s'
LDFLAGS=''
LIBOBJS=''
LIBS=''
LTLIBOBJS=''
MAKEINFO='${SHELL} /home/kjhan/BACKUP/laggrafic/missing --run makeinfo'
MPIFC='mpiifort'
OBJEXT='o'
PACKAGE='mpgrafic'
PACKAGE_BUGREPORT=''
PACKAGE_NAME=''
PACKAGE_STRING=''
PACKAGE_TARNAME=''
PACKAGE_VERSION=''
PATH_SEPARATOR=':'
PRECISION='DOUB'
SET_MAKE=''
SHELL='/bin/sh'
STRIP=''
VERSION='0.1'
ac_ct_CC='icc'
ac_ct_F77=''
ac_ct_FC=''
am__fastdepCC_FALSE='#'
am__fastdepCC_TRUE=''
am__include='include'
am__leading_dot='.'
am__quote=''
am__tar='${AMTAR} chof - "$$tardir"'
am__untar='${AMTAR} xf -'
bindir='${exec_prefix}/bin'
build_alias=''
datadir='${datarootdir}'
datarootdir='${prefix}/share'
docdir='${datarootdir}/doc/${PACKAGE}'
dvidir='${docdir}'
exec_prefix='${prefix}'
host_alias=''
htmldir='${docdir}'
includedir='${prefix}/include'
infodir='${datarootdir}/info'
install_sh='/home/kjhan/BACKUP/laggrafic/install-sh'
libdir='${exec_prefix}/lib'
libexecdir='${exec_prefix}/libexec'
localedir='${datarootdir}/locale'
localstatedir='${prefix}/var'
mandir='${datarootdir}/man'
mkdir_p='mkdir -p --'
oldincludedir='/usr/include'
pdfdir='${docdir}'
prefix='/home/kjhan/local/'
program_transform_name='s,x,x,'
psdir='${docdir}'
sbindir='${exec_prefix}/sbin'
sharedstatedir='${prefix}/com'
sysconfdir='${prefix}/etc'
target_alias=''

## ----------- ##
## confdefs.h. ##
## ----------- ##

#define PACKAGE_NAME ""
#define PACKAGE_TARNAME ""
#define PACKAGE_VERSION ""
#define PACKAGE_STRING ""
#define PACKAGE_BUGREPORT ""
#define PACKAGE "mpgrafic"
#define VERSION "0.1"

configure: exit 0
