 
 Will generate initial conditions on grid of size          256         256
         256
 
 Select type of initial power spectrum (matter transfer function):
     1 for T(k) from linger.dat
     2 for T(k) from approx. analytical fit (BBKS)
     3 for T(k)=1 (scale-free)
     4 for T(k) from approx. analytical fit (E&Hu)
     5 for T(k) from CAMB test files (zini,z0)    
 Enter case (1,2,3,4 or 5) now:
           5
 Enter Omega_m, Omega_v, H0 (km/s/Mpc, set H0=1 for scale-free case)
  0.3000000      0.7000000       68.00000    
 Enter Omega_b
  4.4000000E-02
  Initializing power spectrum for Omega_m, Omega_v, H0=  0.3000000    
  0.7000000       68.00000    
 Enter long-wave spectral index n (scale-invariant is n=1)
  0.9600000    
 Enter desired normalization at a=1:
   Qrms-ps/micro-K (if > 0) or -sigma_8 (if < 0) = ?
 Computing Delta_2(k) using Sachs-Wolfe approxmation
 This may take several minutes.
 Enter camb.redi.txt  filename
 ncamblines=          826
 Enter camb.red0.txt  filename
 ncamblines=          826
 Qrms-ps/micro-K=   3463448.      0.6811786    
 
 I can write the power spectrum of delta_rho/rho to disk (power.dat).
 If you would like this, please enter kmin and kmax (1/Mpc)
 Enter 0,0 if you don't want the power spectrum written to a file
  9.9999998E-03   100.0000    
 Enter dx (initial particle spacing in Mpc, not Mpc/h)
    or enter -boxlength in Mpc/h
    i.e. dx in Mpc if > 0, or -boxlength in Mpc/h if < 0
  -800.0000    
   dx=   4.595588      Mpc
 Enter 1 if these initial conditions will not be refined, otherwise
   enter the ultimate refinement factor for the smallest grid spacing
   (This is used only to set astart.)
           1
 input initial redshift
 astart=   2.0833334E-02 sigstart=  3.8654000E-02
 Scaling initial conditions to starting a=  2.0833334E-02
   when sigma(delta) at ultimate refinement scale=  3.9013393E-02
 vfact=   258.0416     vfact2=  -58.28502    
 Enter 0 for final output or 1 for further refinement
           0
 Setting output grid to          256         256         256
 Enter <RETURN> to skip output grid size
 Enter <RETURN> to skip output grid offset
 Enter <RETURN> to skip final grid size
 Enter <RETURN> to skip final grid offset
 Will produce output files ic_deltab, ic_velb[xyz], ic_velc[xyz]
 
 Subgrid white noise:
   Choose irand (1 or 2) from the following list:
     irand=1 to generate new noise and save to file
     irand=2 to read noise from existing file
 Enter irand
           1
   Enter random number seed (9-digit integer, ignored if irand=2)
        1234
   Enter filename of white noise file (or <RETURN> if irand=0)
 white.dat                                                                      
                                                  
  Enter 1 if padding of large scales is required, 0 otherwise
           0
  Enter padding file name (white noise format, ignored if ipad=0)
 0                                                                              
                                                  
 Warning: Generating new random numbers in mpic4!
 ic4 white noise: chisq, dof, nu=  1.6774768E+07              16777215
 -0.5973811    
 Statistics of ic4 for idim, itide=           0           0
    Mean sigma, sampled sigma, maximum=  4.6848111E-02  4.6824131E-02
  0.2542641    
  5.101559093195847E-002  0.000000000000000E+000   258.0416      -58.28502    
  2.867590468835051E-002  0.000000000000000E+000   258.0416      -58.28502    
 -8.879541903202540E-002  0.000000000000000E+000   258.0416      -58.28502    
  0.106230775278752       0.000000000000000E+000   258.0416      -58.28502    
 -1.170871377171235E-002  0.000000000000000E+000   258.0416      -58.28502    
  7.882671450099146E-003  0.000000000000000E+000   258.0416      -58.28502    
  6.965873394025787E-002  0.000000000000000E+000   258.0416      -58.28502    
  5.409106851207390E-003  0.000000000000000E+000   258.0416      -58.28502    
 Reading random numbers used in ic4 from white.dat
   Random numbers generated with iseed=        1234
 Mean value of the white noise box =   9.031472488319506E-005
 Will be removed
 Standard deviation of the white noise box =   0.999927045056932     
 Will be factored out so that input stdev=1
 ic4 white noise: chisq, dof, nu=  1.6777216E+07              16777215
  2.4414071E-04
 Statistics of ic4 for idim, itide=           1           0
    Mean sigma, sampled sigma, maximum=  0.1964102      0.1923475    
  0.8969621    
  0.134949414135730      -1.195122437004967E-003   258.0416      -58.28502    
  0.385688848633782       4.542241719274176E-004   258.0416      -58.28502    
  0.343497257369246       2.579919325604491E-003   258.0416      -58.28502    
  2.177540756422235E-002  2.297515611036682E-003   258.0416      -58.28502    
 -6.310284474867676E-002  2.554713776070324E-005   258.0416      -58.28502    
 -7.725509573406229E-002 -9.922880929732187E-005   258.0416      -58.28502    
  6.728544139240297E-002  1.791519017395910E-003   258.0416      -58.28502    
 -0.377381633066731       4.362544901885140E-004   258.0416      -58.28502    
 Reading random numbers used in ic4 from white.dat
   Random numbers generated with iseed=        1234
 Mean value of the white noise box =   9.031472488319506E-005
 Will be removed
 Standard deviation of the white noise box =   0.999927045056932     
 Will be factored out so that input stdev=1
 ic4 white noise: chisq, dof, nu=  1.6777216E+07              16777215
  2.4414071E-04
 Statistics of ic4 for idim, itide=           2           0
    Mean sigma, sampled sigma, maximum=  0.1964102      0.1932651    
  0.9920448    
 -0.254982059384420       1.784816572287378E-003   258.0416      -58.28502    
  1.726798619796887E-002 -5.109164360675683E-004   258.0416      -58.28502    
 -0.130377342758734       7.398058933680644E-005   258.0416      -58.28502    
 -0.404603177701894       4.086255962467021E-003   258.0416      -58.28502    
 -0.259256263814323      -8.004384225003931E-004   258.0416      -58.28502    
 -7.426003316971685E-002  4.178721849225105E-004   258.0416      -58.28502    
 -0.258848872406580      -1.126068046342559E-003   258.0416      -58.28502    
 -5.571040118519980E-002 -6.637359233582138E-004   258.0416      -58.28502    
 Reading random numbers used in ic4 from white.dat
   Random numbers generated with iseed=        1234
 Mean value of the white noise box =   9.031472488319506E-005
 Will be removed
 Standard deviation of the white noise box =   0.999927045056932     
 Will be factored out so that input stdev=1
 ic4 white noise: chisq, dof, nu=  1.6777216E+07              16777215
  2.4414071E-04
 Statistics of ic4 for idim, itide=           3           0
    Mean sigma, sampled sigma, maximum=  0.1964102      0.1957508    
   1.055470    
 -9.093993348064644E-002 -2.063842490584009E-003   258.0416      -58.28502    
 -8.864311400459278E-002 -3.205851521516452E-004   258.0416      -58.28502    
 -0.402002635819165       4.450122611309107E-003   258.0416      -58.28502    
 -0.308516995010204       4.003277369795640E-003   258.0416      -58.28502    
 -0.278140247885477      -3.118102228581934E-003   258.0416      -58.28502    
 -0.289900716512179      -1.921419852669054E-003   258.0416      -58.28502    
  9.018451741649283E-002 -7.343011894588554E-004   258.0416      -58.28502    
  0.287081676995613       2.426559617941852E-004   258.0416      -58.28502    
 Reading random numbers used in ic4 from white.dat
   Random numbers generated with iseed=        1234
 Mean value of the white noise box =   9.031472488319506E-005
 Will be removed
 Standard deviation of the white noise box =   0.999927045056932     
 Will be factored out so that input stdev=1
 ic4 white noise: chisq, dof, nu=  1.6777216E+07              16777215
  2.4414071E-04
 Statistics of ic4 for idim, itide=           1           0
    Mean sigma, sampled sigma, maximum=  0.2266993      0.2219106    
   1.013438    
  0.166300660539872      -1.740728761542362E-003   258.0416      -58.28502    
  0.461517983922649       1.175452844905380E-003   258.0416      -58.28502    
  0.386755846873611       1.906852881981841E-003   258.0416      -58.28502    
 -9.058724317599173E-002  1.246269834852214E-003   258.0416      -58.28502    
 -6.935541027249618E-002 -5.517672383767522E-004   258.0416      -58.28502    
 -0.160620784719898      -2.381752779657274E-003   258.0416      -58.28502    
 -8.121386199648084E-003 -2.090709103816973E-003   258.0416      -58.28502    
 -0.430777657111500       1.860029028047535E-003   258.0416      -58.28502    
 Reading random numbers used in ic4 from white.dat
   Random numbers generated with iseed=        1234
 Mean value of the white noise box =   9.031472488319506E-005
 Will be removed
 Standard deviation of the white noise box =   0.999927045056932     
 Will be factored out so that input stdev=1
 ic4 white noise: chisq, dof, nu=  1.6777216E+07              16777215
  2.4414071E-04
 Statistics of ic4 for idim, itide=           2           0
    Mean sigma, sampled sigma, maximum=  0.2266993      0.2240160    
   1.147521    
 -0.316181618443572       3.701247571919076E-003   258.0416      -58.28502    
  9.626135559281122E-002  1.243159273821864E-003   258.0416      -58.28502    
 -0.127131498691581       7.049797294570758E-004   258.0416      -58.28502    
 -0.556620612075351       4.013508498451721E-003   258.0416      -58.28502    
 -0.241384866514603      -1.334850575969374E-003   258.0416      -58.28502    
  4.064093160372817E-002  3.244011112250103E-004   258.0416      -58.28502    
 -0.392756306769709      -3.544206745724562E-003   258.0416      -58.28502    
 -7.349661942469848E-002  8.048439136726846E-004   258.0416      -58.28502    
 Reading random numbers used in ic4 from white.dat
   Random numbers generated with iseed=        1234
 Mean value of the white noise box =   9.031472488319506E-005
 Will be removed
 Standard deviation of the white noise box =   0.999927045056932     
 Will be factored out so that input stdev=1
 ic4 white noise: chisq, dof, nu=  1.6777216E+07              16777215
  2.4414071E-04
 Statistics of ic4 for idim, itide=           3           0
    Mean sigma, sampled sigma, maximum=  0.2266993      0.2250580    
   1.189544    
 -0.120454554922112       1.884537553099605E-004   258.0416      -58.28502    
 -4.761399569465443E-002  2.219278804495422E-003   258.0416      -58.28502    
 -0.424627763109336       2.820462013935974E-003   258.0416      -58.28502    
 -0.383363428030406       2.095263678992188E-003   258.0416      -58.28502    
 -0.369101261545105      -6.090342119337921E-003   258.0416      -58.28502    
 -0.341211500688752      -3.720038365839500E-003   258.0416      -58.28502    
  6.598149922350210E-002 -1.257786488672008E-003   258.0416      -58.28502    
  0.378452195059841      -8.444485927805482E-004   258.0416      -58.28502    
 Reading random numbers used in ic4 from white.dat
   Random numbers generated with iseed=        1234
 Mean value of the white noise box =   9.031472488319506E-005
 Will be removed
 Standard deviation of the white noise box =   0.999927045056932     
 Will be factored out so that input stdev=1
 ic4 white noise: chisq, dof, nu=  1.6777216E+07              16777215
  2.4414071E-04
 Statistics of ic4 for idim, itide=           4           0
    Mean sigma, sampled sigma, maximum=  5.5334546E-02  5.5212323E-02
  0.2939572    
  2.655476808343647E-002  0.000000000000000E+000   258.0416      -58.28502    
  4.239323844959093E-002  0.000000000000000E+000   258.0416      -58.28502    
  3.017976284422198E-002  0.000000000000000E+000   258.0416      -58.28502    
  2.838819461257896E-002  0.000000000000000E+000   258.0416      -58.28502    
 -5.381084709579408E-002  0.000000000000000E+000   258.0416      -58.28502    
 -4.804928802525582E-002  0.000000000000000E+000   258.0416      -58.28502    
 -7.917779042509511E-003  0.000000000000000E+000   258.0416      -58.28502    
  3.639225493110360E-002  0.000000000000000E+000   258.0416      -58.28502    
